        0.50000    0.46837E-34    0.17376E+18
        0.55000    0.14916E-31    0.17017E+18
        0.60000    0.22582E-29    0.16654E+18
        0.65000    0.18818E-27    0.16293E+18
        0.70000    0.96241E-26    0.15937E+18
        0.75000    0.32822E-24    0.15585E+18
        0.80000    0.79615E-23    0.15239E+18
        0.85000    0.14455E-21    0.14897E+18
        0.90000    0.20465E-20    0.14562E+18
        0.95000    0.23358E-19    0.14234E+18
        1.00000    0.22090E-18    0.13913E+18
        1.05000    0.17705E-17    0.13598E+18
        1.10000    0.12256E-16    0.13285E+18
        1.15000    0.74441E-16    0.12971E+18
        1.20000    0.40213E-15    0.12654E+18
        1.25000    0.19553E-14    0.12337E+18
        1.30000    0.86483E-14    0.12024E+18
        1.35000    0.35122E-13    0.11721E+18
        1.40000    0.13199E-12    0.11429E+18
        1.45000    0.46204E-12    0.11144E+18
        1.50000    0.15150E-11    0.10863E+18
        1.55000    0.46772E-11    0.10583E+18
        1.60000    0.13664E-10    0.10308E+18
        1.65000    0.37944E-10    0.10041E+18
        1.70000    0.10054E-09    0.97818E+17
        1.75000    0.25497E-09    0.95277E+17
        1.80000    0.62073E-09    0.92771E+17
        1.85000    0.14547E-08    0.90302E+17
        1.90000    0.32904E-08    0.87887E+17
        1.95000    0.72012E-08    0.85536E+17
        2.00000    0.15280E-07    0.83243E+17
        2.05000    0.31488E-07    0.80995E+17
        2.10000    0.63125E-07    0.78784E+17
        2.15000    0.12331E-06    0.76613E+17
        2.20000    0.23510E-06    0.74493E+17
        2.25000    0.43809E-06    0.72427E+17
        2.30000    0.79882E-06    0.70410E+17
        2.35000    0.14268E-05    0.68432E+17
        2.40000    0.24990E-05    0.66492E+17
        2.45000    0.42961E-05    0.64590E+17
        2.50000    0.72569E-05    0.62731E+17
        2.55000    0.12055E-04    0.60918E+17
        2.60000    0.19711E-04    0.59148E+17
        2.65000    0.31739E-04    0.57414E+17
        2.70000    0.50366E-04    0.55714E+17
        2.75000    0.78820E-04    0.54049E+17
        2.80000    0.12172E-03    0.52420E+17
        2.85000    0.18561E-03    0.50830E+17
        2.90000    0.27961E-03    0.49277E+17
        2.95000    0.41633E-03    0.47758E+17
        3.00000    0.61297E-03    0.46271E+17
        3.05000    0.89278E-03    0.44815E+17
        3.10000    0.12869E-02    0.43390E+17
        3.15000    0.18367E-02    0.42000E+17
        3.20000    0.25966E-02    0.40643E+17
        3.25000    0.36374E-02    0.39321E+17
        3.30000    0.50505E-02    0.38030E+17
        3.35000    0.69530E-02    0.36771E+17
        3.40000    0.94938E-02    0.35543E+17
        3.45000        0.01286    0.34349E+17
        3.50000        0.01729    0.33189E+17
        3.55000        0.02308    0.32064E+17
        3.60000        0.03060    0.30975E+17
        3.65000        0.04029    0.29921E+17
        3.70000        0.05272    0.28901E+17
        3.75000        0.06855    0.27917E+17
        3.80000        0.08861    0.26969E+17
        3.85000        0.11390    0.26057E+17
        3.90000        0.14563    0.25182E+17
        3.95000        0.18525    0.24343E+17
        4.00000        0.23450    0.23541E+17
        4.05000        0.29545    0.22774E+17
        4.10000        0.37058    0.22041E+17
        4.15000        0.46280    0.21342E+17
        4.20000        0.57561    0.20676E+17
        4.25000        0.71312    0.20042E+17
        4.30000        0.88016    0.19439E+17
        4.35000        1.08240    0.18866E+17
        4.40000        1.32644    0.18321E+17
        4.45000        1.61994    0.17802E+17
        4.50000        1.97177    0.17306E+17
        4.55000        2.39213    0.16833E+17
        4.60000        2.89273    0.16380E+17
        4.65000        3.48690    0.15944E+17
        4.70000        4.18969    0.15525E+17
        4.75000        5.01798    0.15119E+17
        4.80000        5.99043    0.14725E+17
        4.85000        7.12753    0.14339E+17
        4.90000        8.45146    0.13958E+17
        4.95000        9.98601    0.13582E+17
        5.00000       11.75635    0.13206E+17
        5.05000       13.78867    0.12831E+17
        5.10000       16.10968    0.12452E+17
        5.15000       18.74606    0.12070E+17
        5.20000       21.72361    0.11682E+17
        5.25000       25.06658    0.11288E+17
        5.30000       28.79686    0.10888E+17
        5.35000       32.93336    0.10480E+17
        5.40000       37.49144    0.10066E+17
        5.45000       42.48248    0.96465E+16
        5.50000       47.91354    0.92229E+16
        5.55000       53.78710    0.87969E+16
        5.60000       60.10097    0.83702E+16
        5.65000       66.84830    0.79451E+16
        5.70000       74.01792    0.75235E+16
        5.75000       81.59479    0.71077E+16
        5.80000       89.56070    0.66996E+16
        5.85000       97.89495    0.63012E+16
        5.90000      106.57507    0.59142E+16
        5.95000      115.57738    0.55402E+16
        6.00000      124.87741    0.51803E+16
        6.05000      134.45019    0.48356E+16
        6.10000      144.27055    0.45067E+16
        6.15000      154.31332    0.41941E+16
        6.20000      164.55358    0.38980E+16
        6.25000      174.96700    0.36185E+16
        6.30000      185.53006    0.33554E+16
        6.35000      196.22025    0.31083E+16
        6.40000      207.01625    0.28769E+16
        6.45000      217.89789    0.26607E+16
        6.50000      228.84616    0.24591E+16
        6.55000      239.84311    0.22713E+16
        6.60000      250.87175    0.20969E+16
        6.65000      261.91603    0.19350E+16
        6.70000      272.96084    0.17850E+16
        6.75000      283.99201    0.16460E+16
        6.80000      294.99641    0.15176E+16
        6.85000      305.96195    0.13989E+16
        6.90000      316.87919    0.12893E+16
        6.95000      327.73603    0.11882E+16
        7.00000      338.52411    0.10950E+16
        7.05000      349.23543    0.10091E+16
        7.10000      359.86279    0.93001E+15
        7.15000      370.39970    0.85717E+15
        7.20000      380.84037    0.79012E+15
        7.25000      391.17962    0.72843E+15
        7.30000      401.41293    0.67167E+15
        7.35000      411.53639    0.61945E+15
        7.40000      421.54671    0.57142E+15
        7.45000      431.44120    0.52725E+15
        7.50000      441.21779    0.48662E+15
        7.55000      450.87491    0.44925E+15
        7.60000      460.41151    0.41488E+15
        7.65000      469.82695    0.38326E+15
        7.70000      479.12095    0.35417E+15
        7.75000      488.29350    0.32740E+15
        7.80000      497.34487    0.30277E+15
        7.85000      506.27547    0.28009E+15
        7.90000      515.08591    0.25921E+15
        7.95000      523.77692    0.23998E+15
        8.00000      532.34938    0.22227E+15
        8.05000      540.80426    0.20595E+15
        8.10000      549.14266    0.19091E+15
        8.15000      557.36575    0.17704E+15
        8.20000      565.47483    0.16425E+15
        8.25000      573.47124    0.15245E+15
        8.30000      581.35642    0.14156E+15
        8.35000      589.13184    0.13150E+15
        8.40000      596.79904    0.12221E+15
        8.45000      604.35957    0.11363E+15
        8.50000      611.81504    0.10570E+15
        8.55000      619.16704    0.98363E+14
        8.60000      626.41721    0.91578E+14
        8.65000      633.56720    0.85299E+14
        8.70000      640.61867    0.79486E+14
        8.75000      647.57331    0.74102E+14
        8.80000      654.43283    0.69114E+14
        8.85000      661.19893    0.64490E+14
        8.90000      667.87333    0.60203E+14
        8.95000      674.45774    0.56225E+14
        9.00000      680.95382    0.52534E+14
        9.05000      687.36319    0.49106E+14
        9.10000      693.68737    0.45923E+14
        9.15000      699.92775    0.42964E+14
        9.20000      706.08558    0.40214E+14
        9.25000      712.16189    0.37656E+14
        9.30000      718.15756    0.35275E+14
        9.35000      724.07323    0.33060E+14
        9.40000      729.90938    0.30996E+14
        9.45000      735.66629    0.29074E+14
        9.50000      741.34416    0.27282E+14
        9.55000      746.94311    0.25611E+14
        9.60000      752.46324    0.24052E+14
        9.65000      757.90470    0.22597E+14
        9.70000      763.26774    0.21239E+14
        9.75000      768.55276    0.19970E+14
        9.80000      773.76035    0.18784E+14
        9.85000      778.89127    0.17676E+14
        9.90000      784.12288    0.16643E+14
        9.95000      789.22960    0.15675E+14
