        0.55000    0.91757E-31    0.63197E+17
        0.60000    0.12317E-28    0.61798E+17
        0.65000    0.92293E-27    0.60413E+17
        0.70000    0.42936E-25    0.59045E+17
        0.75000    0.13447E-23    0.57696E+17
        0.80000    0.30198E-22    0.56368E+17
        0.85000    0.51106E-21    0.55063E+17
        0.90000    0.67840E-20    0.53782E+17
        0.95000    0.72971E-19    0.52528E+17
        1.00000    0.65322E-18    0.51301E+17
        1.05000    0.49754E-17    0.50097E+17
        1.10000    0.32843E-16    0.48906E+17
        1.15000    0.19082E-15    0.47714E+17
        1.20000    0.98877E-15    0.46513E+17
        1.25000    0.46231E-14    0.45312E+17
        1.30000    0.19707E-13    0.44129E+17
        1.35000    0.77281E-13    0.42982E+17
        1.40000    0.28097E-12    0.41876E+17
        1.45000    0.95310E-12    0.40799E+17
        1.50000    0.30332E-11    0.39736E+17
        1.55000    0.91022E-11    0.38684E+17
        1.60000    0.25879E-10    0.37648E+17
        1.65000    0.70016E-10    0.36639E+17
        1.70000    0.18094E-09    0.35660E+17
        1.75000    0.44809E-09    0.34704E+17
        1.80000    0.10662E-08    0.33763E+17
        1.85000    0.24444E-08    0.32836E+17
        1.90000    0.54132E-08    0.31928E+17
        1.95000    0.11607E-07    0.31043E+17
        2.00000    0.24146E-07    0.30181E+17
        2.05000    0.48823E-07    0.29339E+17
        2.10000    0.96098E-07    0.28511E+17
        2.15000    0.18442E-06    0.27699E+17
        2.20000    0.34557E-06    0.26903E+17
        2.25000    0.63320E-06    0.26128E+17
        2.30000    0.11359E-05    0.25372E+17
        2.35000    0.19972E-05    0.24632E+17
        2.40000    0.34448E-05    0.23908E+17
        2.45000    0.58344E-05    0.23197E+17
        2.50000    0.97125E-05    0.22502E+17
        2.55000    0.15906E-04    0.21823E+17
        2.60000    0.25646E-04    0.21160E+17
        2.65000    0.40741E-04    0.20513E+17
        2.70000    0.63802E-04    0.19879E+17
        2.75000    0.98559E-04    0.19258E+17
        2.80000    0.15027E-03    0.18650E+17
        2.85000    0.22629E-03    0.18055E+17
        2.90000    0.33672E-03    0.17475E+17
        2.95000    0.49535E-03    0.16908E+17
        3.00000    0.72074E-03    0.16354E+17
        3.05000    0.10376E-02    0.15812E+17
        3.10000    0.14786E-02    0.15281E+17
        3.15000    0.20864E-02    0.14763E+17
        3.20000    0.29166E-02    0.14257E+17
        3.25000    0.40406E-02    0.13764E+17
        3.30000    0.55494E-02    0.13283E+17
        3.35000    0.75579E-02    0.12815E+17
        3.40000        0.01021    0.12360E+17
        3.45000        0.01369    0.11916E+17
        3.50000        0.01821    0.11486E+17
        3.55000        0.02406    0.11068E+17
        3.60000        0.03156    0.10665E+17
        3.65000        0.04114    0.10275E+17
        3.70000        0.05329    0.98980E+16
        3.75000        0.06861    0.95351E+16
        3.80000        0.08782    0.91857E+16
        3.85000        0.11178    0.88499E+16
        3.90000        0.14153    0.85278E+16
        3.95000        0.17831    0.82196E+16
        4.00000        0.22357    0.79251E+16
        4.05000        0.27904    0.76442E+16
        4.10000        0.34675    0.73764E+16
        4.15000        0.42910    0.71214E+16
        4.20000        0.52889    0.68788E+16
        4.25000        0.64939    0.66482E+16
        4.30000        0.79444    0.64292E+16
        4.35000        0.96852    0.62214E+16
        4.40000        1.17678    0.60244E+16
        4.45000        1.42523    0.58375E+16
        4.50000        1.72072    0.56602E+16
        4.55000        2.07112    0.54916E+16
        4.60000        2.48539    0.53311E+16
        4.65000        2.97369    0.51780E+16
        4.70000        3.54753    0.50317E+16
        4.75000        4.21981    0.48914E+16
        4.80000        5.00489    0.47565E+16
        4.85000        5.91866    0.46262E+16
        4.90000        6.97843    0.44999E+16
        4.95000        8.20290    0.43766E+16
        5.00000        9.61206    0.42557E+16
        5.05000       11.22698    0.41365E+16
        5.10000       13.06965    0.40184E+16
        5.15000       15.16263    0.39007E+16
        5.20000       17.52865    0.37830E+16
        5.25000       20.19014    0.36649E+16
        5.30000       23.16858    0.35460E+16
        5.35000       26.48394    0.34261E+16
        5.40000       30.15402    0.33051E+16
        5.45000       34.19398    0.31828E+16
        5.50000       38.61592    0.30594E+16
        5.55000       43.42861    0.29351E+16
        5.60000       48.63728    0.28103E+16
        5.65000       54.24360    0.26852E+16
        5.70000       60.24556    0.25603E+16
        5.75000       66.63762    0.24363E+16
        5.80000       73.41091    0.23134E+16
        5.85000       80.55349    0.21924E+16
        5.90000       88.05093    0.20737E+16
        5.95000       95.88683    0.19577E+16
        6.00000      104.04340    0.18449E+16
        6.05000      112.50201    0.17356E+16
        6.10000      121.24356    0.16302E+16
        6.15000      130.24873    0.15290E+16
        6.20000      139.49812    0.14321E+16
        6.25000      148.97232    0.13397E+16
        6.30000      158.65191    0.12518E+16
        6.35000      168.51754    0.11685E+16
        6.40000      178.54994    0.10896E+16
        6.45000      188.73003    0.10152E+16
        6.50000      199.03898    0.94519E+15
        6.55000      209.45828    0.87936E+15
        6.60000      219.96979    0.81760E+15
        6.65000      230.55573    0.75976E+15
        6.70000      241.19875    0.70565E+15
        6.75000      251.88190    0.65512E+15
        6.80000      262.58866    0.60797E+15
        6.85000      273.30300    0.56402E+15
        6.90000      284.00944    0.52310E+15
        6.95000      294.69324    0.48503E+15
        7.00000      305.34054    0.44965E+15
        7.05000      315.93858    0.41677E+15
        7.10000      326.47596    0.38626E+15
        7.15000      336.94276    0.35794E+15
        7.20000      347.33069    0.33169E+15
        7.25000      357.63306    0.30736E+15
        7.30000      367.84480    0.28483E+15
        7.35000      377.96228    0.26396E+15
        7.40000      387.98318    0.24465E+15
        7.45000      397.90634    0.22679E+15
        7.50000      407.73155    0.21026E+15
        7.55000      417.45942    0.19498E+15
        7.60000      427.10264    0.18086E+15
        7.65000      436.65089    0.16780E+15
        7.70000      446.10505    0.15573E+15
        7.75000      455.46784    0.14457E+15
        7.80000      464.74036    0.13425E+15
        7.85000      473.92262    0.12471E+15
        7.90000      483.01340    0.11589E+15
        7.95000      492.01021    0.10773E+15
        8.00000      500.90925    0.10018E+15
        8.05000      509.70556    0.93190E+14
        8.10000      518.39316    0.86719E+14
        8.15000      526.96535    0.80724E+14
        8.20000      535.41498    0.75168E+14
        8.25000      543.73474    0.70018E+14
        8.30000      551.91754    0.65241E+14
        8.35000      559.95680    0.60809E+14
        8.40000      567.84683    0.56696E+14
        8.45000      575.58319    0.52877E+14
        8.50000      583.16300    0.49330E+14
        8.55000      590.58530    0.46035E+14
        8.60000      597.85123    0.42974E+14
        8.65000      604.96420    0.40129E+14
        8.70000      611.92990    0.37484E+14
        8.75000      618.75625    0.35027E+14
        8.80000      625.45313    0.32742E+14
        8.85000      632.03215    0.30617E+14
        8.90000      638.50628    0.28642E+14
        8.95000      644.88949    0.26806E+14
        9.00000      651.19632    0.25098E+14
        9.05000      657.44149    0.23510E+14
        9.10000      663.63952    0.22033E+14
        9.15000      669.80436    0.20658E+14
        9.20000      675.94892    0.19379E+14
        9.25000      682.08478    0.18189E+14
        9.30000      688.22177    0.17080E+14
        9.35000      694.36767    0.16048E+14
        9.40000      700.52790    0.15086E+14
        9.45000      706.70536    0.14188E+14
        9.50000      712.90030    0.13352E+14
        9.55000      719.11032    0.12571E+14
        9.60000      725.33049    0.11841E+14
        9.65000      731.55352    0.11159E+14
        9.70000      737.77008    0.10521E+14
        9.75000      743.96909    0.99242E+13
        9.80000      750.13810    0.93649E+13
        9.85000      756.26370    0.88406E+13
        9.90000      762.33189    0.83488E+13
        9.95000      768.32844    0.78870E+13
