        0.55000    0.66770E-31    0.73428E+17
        0.60000    0.91415E-29    0.71789E+17
        0.65000    0.69702E-27    0.70168E+17
        0.70000    0.32932E-25    0.68567E+17
        0.75000    0.10458E-23    0.66989E+17
        0.80000    0.23782E-22    0.65436E+17
        0.85000    0.40711E-21    0.63910E+17
        0.90000    0.54609E-20    0.62413E+17
        0.95000    0.59305E-19    0.60948E+17
        1.00000    0.53561E-18    0.59515E+17
        1.05000    0.41132E-17    0.58109E+17
        1.10000    0.27359E-16    0.56718E+17
        1.15000    0.16009E-15    0.55327E+17
        1.20000    0.83510E-15    0.53926E+17
        1.25000    0.39290E-14    0.52526E+17
        1.30000    0.16847E-13    0.51146E+17
        1.35000    0.66434E-13    0.49810E+17
        1.40000    0.24280E-12    0.48521E+17
        1.45000    0.82772E-12    0.47266E+17
        1.50000    0.26466E-11    0.46028E+17
        1.55000    0.79775E-11    0.44802E+17
        1.60000    0.22778E-10    0.43597E+17
        1.65000    0.61877E-10    0.42424E+17
        1.70000    0.16053E-09    0.41285E+17
        1.75000    0.39902E-09    0.40173E+17
        1.80000    0.95285E-09    0.39079E+17
        1.85000    0.21919E-08    0.38001E+17
        1.90000    0.48697E-08    0.36946E+17
        1.95000    0.10474E-07    0.35918E+17
        2.00000    0.21857E-07    0.34917E+17
        2.05000    0.44322E-07    0.33939E+17
        2.10000    0.87482E-07    0.32978E+17
        2.15000    0.16833E-06    0.32034E+17
        2.20000    0.31626E-06    0.31111E+17
        2.25000    0.58096E-06    0.30212E+17
        2.30000    0.10448E-05    0.29335E+17
        2.35000    0.18412E-05    0.28478E+17
        2.40000    0.31830E-05    0.27637E+17
        2.45000    0.54029E-05    0.26813E+17
        2.50000    0.90134E-05    0.26007E+17
        2.55000    0.14792E-04    0.25220E+17
        2.60000    0.23898E-04    0.24453E+17
        2.65000    0.38039E-04    0.23703E+17
        2.70000    0.59683E-04    0.22969E+17
        2.75000    0.92367E-04    0.22249E+17
        2.80000    0.14109E-03    0.21545E+17
        2.85000    0.21283E-03    0.20857E+17
        2.90000    0.31724E-03    0.20185E+17
        2.95000    0.46747E-03    0.19529E+17
        3.00000    0.68127E-03    0.18888E+17
        3.05000    0.98231E-03    0.18260E+17
        3.10000    0.14019E-02    0.17646E+17
        3.15000    0.19813E-02    0.17046E+17
        3.20000    0.27737E-02    0.16461E+17
        3.25000    0.38481E-02    0.15890E+17
        3.30000    0.52923E-02    0.15335E+17
        3.35000    0.72175E-02    0.14793E+17
        3.40000    0.97635E-02    0.14266E+17
        3.45000        0.01310    0.13753E+17
        3.50000        0.01746    0.13255E+17
        3.55000        0.02309    0.12772E+17
        3.60000        0.03033    0.12305E+17
        3.65000        0.03958    0.11854E+17
        3.70000        0.05133    0.11419E+17
        3.75000        0.06616    0.10999E+17
        3.80000        0.08477    0.10595E+17
        3.85000        0.10802    0.10207E+17
        3.90000        0.13692    0.98349E+16
        3.95000        0.17268    0.94788E+16
        4.00000        0.21674    0.91386E+16
        4.05000        0.27078    0.88140E+16
        4.10000        0.33683    0.85048E+16
        4.15000        0.41723    0.82102E+16
        4.20000        0.51474    0.79301E+16
        4.25000        0.63262    0.76638E+16
        4.30000        0.77466    0.74111E+16
        4.35000        0.94529    0.71715E+16
        4.40000        1.14963    0.69442E+16
        4.45000        1.39362    0.67287E+16
        4.50000        1.68409    0.65242E+16
        4.55000        2.02885    0.63299E+16
        4.60000        2.43681    0.61449E+16
        4.65000        2.91812    0.59685E+16
        4.70000        3.48425    0.57998E+16
        4.75000        4.14810    0.56382E+16
        4.80000        4.92403    0.54828E+16
        4.85000        5.82790    0.53328E+16
        4.90000        6.87703    0.51871E+16
        4.95000        8.09016    0.50451E+16
        5.00000        9.48729    0.49057E+16
        5.05000       11.08958    0.47682E+16
        5.10000       12.91913    0.46319E+16
        5.15000       14.99860    0.44960E+16
        5.20000       17.35086    0.43602E+16
        5.25000       19.99845    0.42237E+16
        5.30000       22.96293    0.40863E+16
        5.35000       26.26434    0.39477E+16
        5.40000       29.92054    0.38077E+16
        5.45000       33.94676    0.36662E+16
        5.50000       38.35518    0.35234E+16
        5.55000       43.15466    0.33795E+16
        5.60000       48.35054    0.32349E+16
        5.65000       53.94449    0.30901E+16
        5.70000       59.93451    0.29456E+16
        5.75000       66.31496    0.28020E+16
        5.80000       73.07682    0.26598E+16
        5.85000       80.20803    0.25198E+16
        5.90000       87.69406    0.23824E+16
        5.95000       95.51849    0.22483E+16
        6.00000      103.66358    0.21179E+16
        6.05000      112.11080    0.19916E+16
        6.10000      120.84116    0.18699E+16
        6.15000      129.83542    0.17531E+16
        6.20000      139.07427    0.16413E+16
        6.25000      148.53833    0.15347E+16
        6.30000      158.20826    0.14334E+16
        6.35000      168.06480    0.13374E+16
        6.40000      178.08886    0.12466E+16
        6.45000      188.26159    0.11610E+16
        6.50000      198.56444    0.10804E+16
        6.55000      208.97925    0.10048E+16
        6.60000      219.48817    0.93380E+15
        6.65000      230.07373    0.86738E+15
        6.70000      240.71881    0.80529E+15
        6.75000      251.40660    0.74732E+15
        6.80000      262.12062    0.69327E+15
        6.85000      272.84482    0.64291E+15
        6.90000      283.56366    0.59605E+15
        6.95000      294.26224    0.55247E+15
        7.00000      304.92661    0.51197E+15
        7.05000      315.54391    0.47437E+15
        7.10000      326.10259    0.43948E+15
        7.15000      336.59261    0.40712E+15
        7.20000      347.00549    0.37713E+15
        7.25000      357.33430    0.34935E+15
        7.30000      367.57362    0.32362E+15
        7.35000      377.71943    0.29981E+15
        7.40000      387.76897    0.27779E+15
        7.45000      397.72063    0.25741E+15
        7.50000      407.58663    0.23858E+15
        7.55000      417.34954    0.22117E+15
        7.60000      427.01494    0.20507E+15
        7.65000      436.58457    0.19020E+15
        7.70000      446.05984    0.17645E+15
        7.75000      455.44173    0.16375E+15
        7.80000      464.73052    0.15201E+15
        7.85000      473.92551    0.14116E+15
        7.90000      483.02487    0.13112E+15
        7.95000      492.02552    0.12184E+15
        8.00000      500.92323    0.11326E+15
        8.05000      509.71269    0.10532E+15
        8.10000      518.38773    0.97963E+14
        8.15000      526.94162    0.91154E+14
        8.20000      535.36729    0.84845E+14
        8.25000      543.65768    0.78999E+14
        8.30000      551.80607    0.73578E+14
        8.35000      559.80641    0.68550E+14
        8.40000      567.65372    0.63886E+14
        8.45000      575.34442    0.59557E+14
        8.50000      582.87670    0.55538E+14
        8.55000      590.25080    0.51806E+14
        8.60000      597.46918    0.48341E+14
        8.65000      604.53660    0.45122E+14
        8.70000      611.46010    0.42132E+14
        8.75000      618.24886    0.39354E+14
        8.80000      624.91387    0.36773E+14
        8.85000      631.46770    0.34375E+14
        8.90000      637.92408    0.32146E+14
        8.95000      644.29755    0.30075E+14
        9.00000      650.60300    0.28150E+14
        9.05000      656.85536    0.26361E+14
        9.10000      663.06911    0.24697E+14
        9.15000      669.25794    0.23151E+14
        9.20000      675.43429    0.21712E+14
        9.25000      681.60900    0.20373E+14
        9.30000      687.79093    0.19127E+14
        9.35000      693.98664    0.17966E+14
        9.40000      700.20016    0.16886E+14
        9.45000      706.43282    0.15878E+14
        9.50000      712.68327    0.14938E+14
        9.55000      718.94748    0.14061E+14
        9.60000      725.21897    0.13242E+14
        9.65000      731.48902    0.12477E+14
        9.70000      737.74701    0.11761E+14
        9.75000      743.98078    0.11091E+14
        9.80000      750.17698    0.10463E+14
        9.85000      756.32151    0.98750E+13
        9.90000      762.39987    0.93231E+13
        9.95000      768.39758    0.88050E+13
