        2.00000    0.18413E-07    0.30487E+18
        2.50000    0.93351E-05    0.21810E+18
        3.00000    0.81072E-03    0.15168E+18
        3.50000        0.02283    0.10151E+18
        4.00000        0.30220    0.66579E+17
        4.50000        2.46621    0.45417E+17
        5.00000       14.40598    0.32688E+17
        5.50000       57.81020    0.21754E+17
        6.00000      146.85158    0.11574E+17
        6.50000      261.83671    0.52125E+16
        7.00000      379.78111    0.22254E+16
        7.50000      488.97312    0.95747E+15
        8.00000      585.56212    0.42623E+15
        8.50000      669.74184    0.19839E+15
        9.00000      743.08678    0.96814E+14
        9.50000      807.13311    0.49467E+14
       10.00000      863.27923    0.26390E+14
       10.50000      913.01532    0.14658E+14
       11.00000      956.96537    0.84440E+13
       11.50000      996.14393    0.50306E+13
       12.00000     1030.76873    0.30889E+13
       12.50000     1060.91601    0.19488E+13
       13.00000     1088.10410    0.12617E+13
       13.50000     1117.15672    0.83961E+12
       14.00000     1141.90958    0.56985E+12
       14.50000     1162.16568    0.39365E+12
       15.00000     1175.78397    0.27582E+12
       15.50000     1180.33418    0.19533E+12
       16.00000     1210.06473    0.14369E+12
       16.50000     1234.93633    0.10689E+12
       17.00000     1243.36120    0.79585E+11
       17.50000     1238.56809    0.59423E+11
       18.00000     1223.97354    0.44569E+11
       18.50000     1203.29374    0.33645E+11
       19.00000     1285.93569    0.27910E+11
       19.50000     1284.94166    0.21869E+11
       20.00000     1267.86383    0.17082E+11
