   1.000 0.1114937E+021 0.1114937E+021
   1.100 0.1063031E+021 0.1063031E+021
   1.200 0.1012916E+021 0.1012916E+021
   1.300 0.9646830E+020 0.9646830E+020
   1.400 0.9182231E+020 0.9182231E+020
   1.500 0.8737636E+020 0.8737636E+020
   1.600 0.8309074E+020 0.8309074E+020
   1.700 0.7900393E+020 0.7900393E+020
   1.800 0.7507670E+020 0.7507670E+020
   1.900 0.7131696E+020 0.7131696E+020
   2.000 0.6772531E+020 0.6772531E+020
   2.100 0.6429390E+020 0.6429390E+020
   2.200 0.6100668E+020 0.6100668E+020
   2.300 0.5787482E+020 0.5787482E+020
   2.400 0.5488508E+020 0.5488508E+020
   2.500 0.5203029E+020 0.5203029E+020
   2.600 0.4930426E+020 0.4930426E+020
   2.700 0.4670970E+020 0.4670970E+020
   2.800 0.4423778E+020 0.4423778E+020
   2.900 0.4187697E+020 0.4187697E+020
   3.000 0.3963509E+020 0.3963509E+020
   3.100 0.3750042E+020 0.3750042E+020
   3.200 0.3546637E+020 0.3546637E+020
   3.300 0.3353303E+020 0.3353303E+020
   3.400 0.3169740E+020 0.3169740E+020
   3.500 0.2995233E+020 0.2995233E+020
   3.600 0.2829531E+020 0.2829531E+020
   3.700 0.2671905E+020 0.2671905E+020
   3.800 0.2522686E+020 0.2522686E+020
   3.900 0.2380719E+020 0.2380719E+020
   4.000 0.2246227E+020 0.2246227E+020
   4.100 0.2118547E+020 0.2118547E+020
   4.200 0.1997416E+020 0.1997416E+020
   4.300 0.1882258E+020 0.1882258E+020
   4.400 0.1772815E+020 0.1772815E+020
   4.500 0.1668275E+020 0.1668275E+020
   4.600 0.1568683E+020 0.1568683E+020
   4.700 0.1472992E+020 0.1472992E+020
   4.800 0.1380861E+020 0.1380861E+020
   4.900 0.1291872E+020 0.1291872E+020
   5.000 0.1205237E+020 0.1205237E+020
   5.100 0.1120676E+020 0.1120676E+020
   5.200 0.1037737E+020 0.1037737E+020
   5.300 0.9562208E+019 0.9562208E+019
   5.400 0.8760498E+019 0.8760498E+019
   5.500 0.7974606E+019 0.7974606E+019
   5.600 0.7208364E+019 0.7208364E+019
   5.700 0.6467398E+019 0.6467398E+019
   5.800 0.5758802E+019 0.5758802E+019
   5.900 0.5089587E+019 0.5089587E+019
   6.000 0.4467138E+019 0.4467138E+019
   6.100 0.3897082E+019 0.3897082E+019
   6.200 0.3380402E+019 0.3380402E+019
   6.300 0.2917783E+019 0.2917783E+019
   6.400 0.2508402E+019 0.2508402E+019
   6.500 0.2148343E+019 0.2148343E+019
   6.600 0.1834705E+019 0.1834705E+019
   6.700 0.1563516E+019 0.1563516E+019
   6.800 0.1330134E+019 0.1330134E+019
   6.900 0.1130118E+019 0.1130118E+019
   7.000 0.9595349E+018 0.9595349E+018
   7.100 0.8145207E+018 0.8145207E+018
   7.200 0.6916274E+018 0.6916274E+018
   7.300 0.5875300E+018 0.5875300E+018
   7.400 0.4994055E+018 0.4994055E+018
   7.500 0.4248678E+018 0.4248678E+018
   7.600 0.3619094E+018 0.3619094E+018
   7.700 0.3087170E+018 0.3087170E+018
   7.800 0.2637320E+018 0.2637320E+018
   7.900 0.2256481E+018 0.2256481E+018
   8.000 0.1933643E+018 0.1933643E+018
   8.100 0.1659649E+018 0.1659649E+018
   8.200 0.1426844E+018 0.1426844E+018
   8.300 0.1228969E+018 0.1228969E+018
   8.400 0.1060534E+018 0.1060534E+018
   8.500 0.9168926E+017 0.9168926E+017
   8.600 0.7941565E+017 0.7941565E+017
   8.700 0.6890901E+017 0.6890901E+017
   8.800 0.5989909E+017 0.5989909E+017
   8.900 0.5215875E+017 0.5215875E+017
   9.000 0.4549726E+017 0.4549726E+017
   9.100 0.3975923E+017 0.3975923E+017
   9.200 0.3480913E+017 0.3480913E+017
   9.300 0.3052989E+017 0.3052989E+017
   9.400 0.2682404E+017 0.2682404E+017
   9.500 0.2360848E+017 0.2360848E+017
   9.600 0.2081260E+017 0.2081260E+017
   9.700 0.1837835E+017 0.1837835E+017
   9.800 0.1625466E+017 0.1625466E+017
