   1.000 0.3900020E+020 0.3900020E+020
   1.100 0.3728865E+020 0.3728865E+020
   1.200 0.3563152E+020 0.3563152E+020
   1.300 0.3403875E+020 0.3403875E+020
   1.400 0.3249506E+020 0.3249506E+020
   1.500 0.3101274E+020 0.3101274E+020
   1.600 0.2958695E+020 0.2958695E+020
   1.700 0.2821308E+020 0.2821308E+020
   1.800 0.2689200E+020 0.2689200E+020
   1.900 0.2562790E+020 0.2562790E+020
   2.000 0.2441425E+020 0.2441425E+020
   2.100 0.2324870E+020 0.2324870E+020
   2.200 0.2213097E+020 0.2213097E+020
   2.300 0.2106191E+020 0.2106191E+020
   2.400 0.2003828E+020 0.2003828E+020
   2.500 0.1905727E+020 0.1905727E+020
   2.600 0.1811899E+020 0.1811899E+020
   2.700 0.1722039E+020 0.1722039E+020
   2.800 0.1636288E+020 0.1636288E+020
   2.900 0.1554215E+020 0.1554215E+020
   3.000 0.1475957E+020 0.1475957E+020
   3.100 0.1401143E+020 0.1401143E+020
   3.200 0.1329724E+020 0.1329724E+020
   3.300 0.1261654E+020 0.1261654E+020
   3.400 0.1196690E+020 0.1196690E+020
   3.500 0.1134780E+020 0.1134780E+020
   3.600 0.1075666E+020 0.1075666E+020
   3.700 0.1019404E+020 0.1019404E+020
   3.800 0.9658201E+019 0.9658201E+019
   3.900 0.9148213E+019 0.9148213E+019
   4.000 0.8663358E+019 0.8663358E+019
   4.100 0.8200630E+019 0.8200630E+019
   4.200 0.7760054E+019 0.7760054E+019
   4.300 0.7340124E+019 0.7340124E+019
   4.400 0.6939845E+019 0.6939845E+019
   4.500 0.6556801E+019 0.6556801E+019
   4.600 0.6189999E+019 0.6189999E+019
   4.700 0.5836731E+019 0.5836731E+019
   4.800 0.5496469E+019 0.5496469E+019
   4.900 0.5166670E+019 0.5166670E+019
   5.000 0.4845333E+019 0.4845333E+019
   5.100 0.4530839E+019 0.4530839E+019
   5.200 0.4221840E+019 0.4221840E+019
   5.300 0.3917189E+019 0.3917189E+019
   5.400 0.3616378E+019 0.3616378E+019
   5.500 0.3319712E+019 0.3319712E+019
   5.600 0.3028124E+019 0.3028124E+019
   5.700 0.2743373E+019 0.2743373E+019
   5.800 0.2468093E+019 0.2468093E+019
   5.900 0.2204642E+019 0.2204642E+019
   6.000 0.1955809E+019 0.1955809E+019
   6.100 0.1724212E+019 0.1724212E+019
   6.200 0.1511667E+019 0.1511667E+019
   6.300 0.1318452E+019 0.1318452E+019
   6.400 0.1144993E+019 0.1144993E+019
   6.500 0.9905638E+018 0.9905638E+018
   6.600 0.8540809E+018 0.8540809E+018
   6.700 0.7344528E+018 0.7344528E+018
   6.800 0.6303739E+018 0.6303739E+018
   6.900 0.5402078E+018 0.5402078E+018
   7.000 0.4623994E+018 0.4623994E+018
   7.100 0.3955042E+018 0.3955042E+018
   7.200 0.3382507E+018 0.3382507E+018
   7.300 0.2893516E+018 0.2893516E+018
   7.400 0.2476347E+018 0.2476347E+018
   7.500 0.2120419E+018 0.2120419E+018
   7.600 0.1817189E+018 0.1817189E+018
   7.700 0.1558927E+018 0.1558927E+018
   7.800 0.1339150E+018 0.1339150E+018
   7.900 0.1151988E+018 0.1151988E+018
   8.000 0.9924307E+017 0.9924307E+017
   8.100 0.8562522E+017 0.8562522E+017
   8.200 0.7398861E+017 0.7398861E+017
   8.300 0.6403082E+017 0.6403082E+017
   8.400 0.5550034E+017 0.5550034E+017
   8.500 0.4818881E+017 0.4818881E+017
   8.600 0.4191568E+017 0.4191568E+017
   8.700 0.3652197E+017 0.3652197E+017
   8.800 0.3187412E+017 0.3187412E+017
   8.900 0.2786974E+017 0.2786974E+017
   9.000 0.2440909E+017 0.2440909E+017
   9.100 0.2141365E+017 0.2141365E+017
   9.200 0.1881621E+017 0.1881621E+017
   9.300 0.1656038E+017 0.1656038E+017
   9.400 0.1459901E+017 0.1459901E+017
   9.500 0.1289196E+017 0.1289196E+017
   9.600 0.1140351E+017 0.1140351E+017
   9.700 0.1010313E+017 0.1010313E+017
   9.800 0.8965313E+016 0.8965313E+016
