   1.000 0.3900583E+020 0.3900583E+020
   1.100 0.3729622E+020 0.3729622E+020
   1.200 0.3563605E+020 0.3563605E+020
   1.300 0.3404649E+020 0.3404649E+020
   1.400 0.3249862E+020 0.3249862E+020
   1.500 0.3101741E+020 0.3101741E+020
   1.600 0.2958963E+020 0.2958963E+020
   1.700 0.2821815E+020 0.2821815E+020
   1.800 0.2689437E+020 0.2689437E+020
   1.900 0.2563035E+020 0.2563035E+020
   2.000 0.2441535E+020 0.2441535E+020
   2.100 0.2324889E+020 0.2324889E+020
   2.200 0.2213215E+020 0.2213215E+020
   2.300 0.2106281E+020 0.2106281E+020
   2.400 0.2003858E+020 0.2003858E+020
   2.500 0.1905812E+020 0.1905812E+020
   2.600 0.1812042E+020 0.1812042E+020
   2.700 0.1722139E+020 0.1722139E+020
   2.800 0.1636286E+020 0.1636286E+020
   2.900 0.1554250E+020 0.1554250E+020
   3.000 0.1476032E+020 0.1476032E+020
   3.100 0.1401158E+020 0.1401158E+020
   3.200 0.1329670E+020 0.1329670E+020
   3.300 0.1261606E+020 0.1261606E+020
   3.400 0.1196705E+020 0.1196705E+020
   3.500 0.1134691E+020 0.1134691E+020
   3.600 0.1075640E+020 0.1075640E+020
   3.700 0.1019371E+020 0.1019371E+020
   3.800 0.9658025E+019 0.9658025E+019
   3.900 0.9148154E+019 0.9148154E+019
   4.000 0.8663643E+019 0.8663643E+019
   4.100 0.8199980E+019 0.8199980E+019
   4.200 0.7759915E+019 0.7759915E+019
   4.300 0.7340381E+019 0.7340381E+019
   4.400 0.6939832E+019 0.6939832E+019
   4.500 0.6556346E+019 0.6556346E+019
   4.600 0.6189543E+019 0.6189543E+019
   4.700 0.5836610E+019 0.5836610E+019
   4.800 0.5496219E+019 0.5496219E+019
   4.900 0.5166445E+019 0.5166445E+019
   5.000 0.4845061E+019 0.4845061E+019
   5.100 0.4530728E+019 0.4530728E+019
   5.200 0.4221849E+019 0.4221849E+019
   5.300 0.3917253E+019 0.3917253E+019
   5.400 0.3616553E+019 0.3616553E+019
   5.500 0.3320154E+019 0.3320154E+019
   5.600 0.3028803E+019 0.3028803E+019
   5.700 0.2743984E+019 0.2743984E+019
   5.800 0.2468522E+019 0.2468522E+019
   5.900 0.2204767E+019 0.2204767E+019
   6.000 0.1955671E+019 0.1955671E+019
   6.100 0.1723887E+019 0.1723887E+019
   6.200 0.1510591E+019 0.1510591E+019
   6.300 0.1316803E+019 0.1316803E+019
   6.400 0.1143544E+019 0.1143544E+019
   6.500 0.9899889E+018 0.9899889E+018
   6.600 0.8545125E+018 0.8545125E+018
   6.700 0.7355575E+018 0.7355575E+018
   6.800 0.6316487E+018 0.6316487E+018
   6.900 0.5413057E+018 0.5413057E+018
   7.000 0.4631279E+018 0.4631279E+018
   7.100 0.3957676E+018 0.3957676E+018
   7.200 0.3381548E+018 0.3381548E+018
   7.300 0.2890228E+018 0.2890228E+018
   7.400 0.2471711E+018 0.2471711E+018
   7.500 0.2115194E+018 0.2115194E+018
   7.600 0.1812527E+018 0.1812527E+018
   7.700 0.1555292E+018 0.1555292E+018
   7.800 0.1336624E+018 0.1336624E+018
   7.900 0.1150558E+018 0.1150558E+018
   8.000 0.9920445E+017 0.9920445E+017
   8.100 0.8567572E+017 0.8567572E+017
   8.200 0.7410509E+017 0.7410509E+017
   8.300 0.6418579E+017 0.6418579E+017
   8.400 0.5566693E+017 0.5566693E+017
   8.500 0.4834833E+017 0.4834833E+017
   8.600 0.4205497E+017 0.4205497E+017
   8.700 0.3663200E+017 0.3663200E+017
   8.800 0.3195245E+017 0.3195245E+017
   8.900 0.2790916E+017 0.2790916E+017
   9.000 0.2441308E+017 0.2441308E+017
   9.100 0.2138829E+017 0.2138829E+017
   9.200 0.1876967E+017 0.1876967E+017
   9.300 0.1650140E+017 0.1650140E+017
   9.400 0.1453521E+017 0.1453521E+017
   9.500 0.1282883E+017 0.1282883E+017
   9.600 0.1134623E+017 0.1134623E+017
   9.700 0.1005530E+017 0.1005530E+017
   9.800 0.8929383E+016 0.8929383E+016
