   1.000 0.3369776E+021 0.3369776E+021
   1.100 0.3203563E+021 0.3203563E+021
   1.200 0.3042501E+021 0.3042501E+021
   1.300 0.2888577E+021 0.2888577E+021
   1.400 0.2741190E+021 0.2741190E+021
   1.500 0.2599742E+021 0.2599742E+021
   1.600 0.2464537E+021 0.2464537E+021
   1.700 0.2335754E+021 0.2335754E+021
   1.800 0.2212467E+021 0.2212467E+021
   1.900 0.2094846E+021 0.2094846E+021
   2.000 0.1982847E+021 0.1982847E+021
   2.100 0.1876112E+021 0.1876112E+021
   2.200 0.1774372E+021 0.1774372E+021
   2.300 0.1677548E+021 0.1677548E+021
   2.400 0.1585385E+021 0.1585385E+021
   2.500 0.1497858E+021 0.1497858E+021
   2.600 0.1414396E+021 0.1414396E+021
   2.700 0.1335297E+021 0.1335297E+021
   2.800 0.1260071E+021 0.1260071E+021
   2.900 0.1188828E+021 0.1188828E+021
   3.000 0.1121073E+021 0.1121073E+021
   3.100 0.1056935E+021 0.1056935E+021
   3.200 0.9960515E+020 0.9960515E+020
   3.300 0.9382572E+020 0.9382572E+020
   3.400 0.8836021E+020 0.8836021E+020
   3.500 0.8318583E+020 0.8318583E+020
   3.600 0.7828613E+020 0.7828613E+020
   3.700 0.7365821E+020 0.7365821E+020
   3.800 0.6928235E+020 0.6928235E+020
   3.900 0.6513429E+020 0.6513429E+020
   4.000 0.6121741E+020 0.6121741E+020
   4.100 0.5752101E+020 0.5752101E+020
   4.200 0.5401473E+020 0.5401473E+020
   4.300 0.5069718E+020 0.5069718E+020
   4.400 0.4755351E+020 0.4755351E+020
   4.500 0.4456482E+020 0.4456482E+020
   4.600 0.4172012E+020 0.4172012E+020
   4.700 0.3899800E+020 0.3899800E+020
   4.800 0.3638481E+020 0.3638481E+020
   4.900 0.3386169E+020 0.3386169E+020
   5.000 0.3141552E+020 0.3141552E+020
   5.100 0.2903189E+020 0.2903189E+020
   5.200 0.2669937E+020 0.2669937E+020
   5.300 0.2441585E+020 0.2441585E+020
   5.400 0.2218495E+020 0.2218495E+020
   5.500 0.2000899E+020 0.2000899E+020
   5.600 0.1790703E+020 0.1790703E+020
   5.700 0.1589561E+020 0.1589561E+020
   5.800 0.1399599E+020 0.1399599E+020
   5.900 0.1223040E+020 0.1223040E+020
   6.000 0.1061336E+020 0.1061336E+020
   6.100 0.9150913E+019 0.9150913E+019
   6.200 0.7851866E+019 0.7851866E+019
   6.300 0.6710370E+019 0.6710370E+019
   6.400 0.5712943E+019 0.5712943E+019
   6.500 0.4846981E+019 0.4846981E+019
   6.600 0.4100017E+019 0.4100017E+019
   6.700 0.3459467E+019 0.3459467E+019
   6.800 0.2913712E+019 0.2913712E+019
   6.900 0.2452021E+019 0.2452021E+019
   7.000 0.2063732E+019 0.2063732E+019
   7.100 0.1737709E+019 0.1737709E+019
   7.200 0.1464351E+019 0.1464351E+019
   7.300 0.1235291E+019 0.1235291E+019
   7.400 0.1043490E+019 0.1043490E+019
   7.500 0.8827731E+018 0.8827731E+018
   7.600 0.7479619E+018 0.7479619E+018
   7.700 0.6347328E+018 0.6347328E+018
   7.800 0.5394294E+018 0.5394294E+018
   7.900 0.4590823E+018 0.4590823E+018
   8.000 0.3912544E+018 0.3912544E+018
   8.100 0.3340281E+018 0.3340281E+018
   8.200 0.2856542E+018 0.2856542E+018
   8.300 0.2446954E+018 0.2446954E+018
   8.400 0.2099702E+018 0.2099702E+018
   8.500 0.1805002E+018 0.1805002E+018
   8.600 0.1554690E+018 0.1554690E+018
   8.700 0.1341877E+018 0.1341877E+018
   8.800 0.1160776E+018 0.1160776E+018
   8.900 0.1006416E+018 0.1006416E+018
   9.000 0.8746194E+017 0.8746194E+017
   9.100 0.7618477E+017 0.7618477E+017
   9.200 0.6650971E+017 0.6650971E+017
   9.300 0.5818480E+017 0.5818480E+017
   9.400 0.5099949E+017 0.5099949E+017
   9.500 0.4477893E+017 0.4477893E+017
   9.600 0.3937800E+017 0.3937800E+017
   9.700 0.3468135E+017 0.3468135E+017
   9.800 0.3059022E+017 0.3059022E+017
