   0.100 0.1255317E+041 0.1255317E+041 0.7123624E-076 0.7123624E-076
   0.200 0.1175073E+018 0.1175073E+018 0.5523777E-064 0.5523777E-064
   0.300 0.6388121E+017 0.6388121E+017 0.8019764E-049 0.8019764E-049
   0.400 0.6179763E+017 0.6179763E+017 0.1163821E-039 0.1163821E-039
   0.500 0.5952007E+017 0.5952007E+017 0.1995374E-033 0.1995374E-033
   0.600 0.5718173E+017 0.5718173E+017 0.7742140E-029 0.7742140E-029
   0.700 0.5483550E+017 0.5483550E+017 0.2787586E-025 0.2787586E-025
   0.800 0.5252647E+017 0.5252647E+017 0.2013210E-022 0.2013210E-022
   0.900 0.5027734E+017 0.5027734E+017 0.4625009E-020 0.4625009E-020
   1.000 0.4807021E+017 0.4807021E+017 0.4536656E-018 0.4536656E-018
   1.100 0.4593850E+017 0.4593850E+017 0.2318651E-016 0.2318651E-016
   1.200 0.4387980E+017 0.4387980E+017 0.7096403E-015 0.7096403E-015
   1.300 0.4188524E+017 0.4188524E+017 0.1438346E-013 0.1438346E-013
   1.400 0.3996358E+017 0.3996358E+017 0.2081744E-012 0.2081744E-012
   1.500 0.3811727E+017 0.3811727E+017 0.2278418E-011 0.2278418E-011
   1.600 0.3634059E+017 0.3634059E+017 0.1971329E-010 0.1971329E-010
   1.700 0.3463490E+017 0.3463490E+017 0.1396734E-009 0.1396734E-009
   1.800 0.3299706E+017 0.3299706E+017 0.8335594E-009 0.8335594E-009
   1.900 0.3142010E+017 0.3142010E+017 0.4286648E-008 0.4286648E-008
   2.000 0.2991390E+017 0.2991390E+017 0.1936460E-007 0.1936460E-007
   2.100 0.2847142E+017 0.2847142E+017 0.7804592E-007 0.7804592E-007
   2.200 0.2708413E+017 0.2708413E+017 0.2842810E-006 0.2842810E-006
   2.300 0.2575743E+017 0.2575743E+017 0.9465416E-006 0.9465416E-006
   2.400 0.2448949E+017 0.2448949E+017 0.2908346E-005 0.2908346E-005
   2.500 0.2327761E+017 0.2327761E+017 0.8313580E-005 0.8313580E-005
   2.600 0.2211631E+017 0.2211631E+017 0.2226120E-004 0.2226120E-004
   2.700 0.2100639E+017 0.2100639E+017 0.5618550E-004 0.5618550E-004
   2.800 0.1994873E+017 0.1994873E+017 0.1343970E-003 0.1343970E-003
   2.900 0.1893726E+017 0.1893726E+017 0.3060468E-003 0.3060468E-003
   3.000 0.1796951E+017 0.1796951E+017 0.6661777E-003 0.6661777E-003
   3.100 0.1704762E+017 0.1704762E+017 0.1391470E-002 0.1391470E-002
   3.200 0.1616939E+017 0.1616939E+017 0.2797976E-002 0.2797976E-002
   3.300 0.1533048E+017 0.1533048E+017 0.5431140E-002 0.5431140E-002
   3.400 0.1453033E+017 0.1453033E+017 0.1020397E-001 0.1020397E-001
   3.500 0.1376938E+017 0.1376938E+017 0.1860176E-001 0.1860176E-001
   3.600 0.1304370E+017 0.1304370E+017 0.3296778E-001 0.3296778E-001
   3.700 0.1235367E+017 0.1235367E+017 0.5692003E-001 0.5692003E-001
   3.800 0.1169575E+017 0.1169575E+017 0.9588687E-001 0.9588687E-001
   3.900 0.1106962E+017 0.1106962E+017 0.1578665E+000 0.1578665E+000
   4.000 0.1047475E+017 0.1047475E+017 0.2543979E+000 0.2543979E+000
   4.100 0.9908593E+016 0.9908593E+016 0.4017445E+000 0.4017445E+000
   4.200 0.9370582E+016 0.9370582E+016 0.6225134E+000 0.6225134E+000
   4.300 0.8857022E+016 0.8857022E+016 0.9472581E+000 0.9472581E+000
   4.400 0.8367528E+016 0.8367528E+016 0.1417001E+001 0.1417001E+001
   4.500 0.7898958E+016 0.7898958E+016 0.2085135E+001 0.2085135E+001
   4.600 0.7450643E+016 0.7450643E+016 0.3020806E+001 0.3020806E+001
   4.700 0.7020256E+016 0.7020256E+016 0.4310879E+001 0.4310879E+001
   4.800 0.6605070E+016 0.6605070E+016 0.6061968E+001 0.6061968E+001
   4.900 0.6203334E+016 0.6203334E+016 0.8402755E+001 0.8402755E+001
   5.000 0.5811612E+016 0.5811612E+016 0.1148066E+002 0.1148066E+002
   5.100 0.5428827E+016 0.5428827E+016 0.1546396E+002 0.1546396E+002
   5.200 0.5052587E+016 0.5052587E+016 0.2052974E+002 0.2052974E+002
   5.300 0.4682092E+016 0.4682092E+016 0.2685954E+002 0.2685954E+002
   5.400 0.4316434E+016 0.4316434E+016 0.3461915E+002 0.3461915E+002
   5.500 0.3955935E+016 0.3955935E+016 0.4394527E+002 0.4394527E+002
   5.600 0.3602596E+016 0.3602596E+016 0.5493802E+002 0.5493802E+002
   5.700 0.3257992E+016 0.3257992E+016 0.6762334E+002 0.6762334E+002
   5.800 0.2925024E+016 0.2925024E+016 0.8196367E+002 0.8196367E+002
   5.900 0.2607008E+016 0.2607008E+016 0.9785608E+002 0.9785608E+002
   6.000 0.2307689E+016 0.2307689E+016 0.1151669E+003 0.1151669E+003
   6.100 0.2029856E+016 0.2029856E+016 0.1337230E+003 0.1337230E+003
   6.200 0.1774966E+016 0.1774966E+016 0.1532973E+003 0.1532973E+003
   6.300 0.1544135E+016 0.1544135E+016 0.1736866E+003 0.1736866E+003
   6.400 0.1338572E+016 0.1338572E+016 0.1948522E+003 0.1948522E+003
   6.500 0.1156624E+016 0.1156624E+016 0.2165667E+003 0.2165667E+003
   6.600 0.9964120E+015 0.9964120E+015 0.2385774E+003 0.2385774E+003
   6.700 0.8560758E+015 0.8560758E+015 0.2606418E+003 0.2606418E+003
   6.800 0.7337250E+015 0.7337250E+015 0.2825197E+003 0.2825197E+003
   6.900 0.6276237E+015 0.6276237E+015 0.3040372E+003 0.3040372E+003
   7.000 0.5360185E+015 0.5360185E+015 0.3250346E+003 0.3250346E+003
   7.100 0.4573388E+015 0.4573388E+015 0.3454609E+003 0.3454609E+003
   7.200 0.3902292E+015 0.3902292E+015 0.3654721E+003 0.3654721E+003
   7.300 0.3330845E+015 0.3330845E+015 0.3850311E+003 0.3850311E+003
   7.400 0.2845017E+015 0.2845017E+015 0.4041416E+003 0.4041416E+003
   7.500 0.2432355E+015 0.2432355E+015 0.4228123E+003 0.4228123E+003
   7.600 0.2081974E+015 0.2081974E+015 0.4410559E+003 0.4410559E+003
   7.700 0.1784601E+015 0.1784601E+015 0.4589242E+003 0.4589242E+003
   7.800 0.1532129E+015 0.1532129E+015 0.4764490E+003 0.4764490E+003
   7.900 0.1317540E+015 0.1317540E+015 0.4936272E+003 0.4936272E+003
   8.000 0.1134875E+015 0.1134875E+015 0.5104352E+003 0.5104352E+003
   8.100 0.9790652E+014 0.9790652E+014 0.5268102E+003 0.5268102E+003
   8.200 0.8459011E+014 0.8459011E+014 0.5426887E+003 0.5426887E+003
   8.300 0.7318441E+014 0.7318441E+014 0.5579839E+003 0.5579839E+003
   8.400 0.6339890E+014 0.6339890E+014 0.5726413E+003 0.5726413E+003
   8.500 0.5500704E+014 0.5500704E+014 0.5867916E+003 0.5867916E+003
   8.600 0.4779594E+014 0.4779594E+014 0.6003816E+003 0.6003816E+003
   8.700 0.4158937E+014 0.4158937E+014 0.6133851E+003 0.6133851E+003
   8.800 0.3623983E+014 0.3623983E+014 0.6257940E+003 0.6257940E+003
   8.900 0.3162400E+014 0.3162400E+014 0.6376331E+003 0.6376331E+003
   9.000 0.2763925E+014 0.2763925E+014 0.6489885E+003 0.6489885E+003
   9.100 0.2419608E+014 0.2419608E+014 0.6599216E+003 0.6599216E+003
   9.200 0.2122029E+014 0.2122029E+014 0.6705728E+003 0.6705728E+003
   9.300 0.1864568E+014 0.1864568E+014 0.6810211E+003 0.6810211E+003
   9.400 0.1641654E+014 0.1641654E+014 0.6913859E+003 0.6913859E+003
   9.500 0.1448389E+014 0.1448389E+014 0.7017413E+003 0.7017413E+003
   9.600 0.1280533E+014 0.1280533E+014 0.7121282E+003 0.7121282E+003
   9.700 0.1134460E+014 0.1134460E+014 0.7225711E+003 0.7225711E+003
   9.800 0.1007034E+014 0.1007034E+014 0.7330482E+003 0.7330482E+003
   9.900 0.8955924E+013 0.8955924E+013 0.7435194E+003 0.7435194E+003
  10.000 0.7978510E+013 0.7978510E+013 0.7539051E+003 0.7539051E+003
  10.100 0.7118739E+013 0.7118739E+013 0.7641039E+003 0.7641039E+003
  10.200 0.6360436E+013 0.6360436E+013 0.7740223E+003 0.7740223E+003
  10.300 0.5690098E+013 0.5690098E+013 0.7835866E+003 0.7835866E+003
  10.400 0.5096898E+013 0.5096898E+013 0.7928247E+003 0.7928247E+003
  10.500 0.4570821E+013 0.4570821E+013 0.8016631E+003 0.8016631E+003
  10.600 0.4103313E+013 0.4103313E+013 0.8100277E+003 0.8100277E+003
  10.700 0.3687147E+013 0.3687147E+013 0.8178660E+003 0.8178660E+003
  10.800 0.3316220E+013 0.3316220E+013 0.8251595E+003 0.8251595E+003
  10.900 0.2985152E+013 0.2985152E+013 0.8318732E+003 0.8318732E+003
  11.000 0.2689744E+013 0.2689744E+013 0.8381217E+003 0.8381217E+003
  11.100 0.2425101E+013 0.2425101E+013 0.8436392E+003 0.8436392E+003
  11.200 0.2189443E+013 0.2189443E+013 0.8490469E+003 0.8490469E+003
  11.300 0.1978874E+013 0.1978874E+013 0.8541667E+003 0.8541667E+003
  11.400 0.1790689E+013 0.1790689E+013 0.8590941E+003 0.8590941E+003
  11.500 0.1622465E+013 0.1622465E+013 0.8639239E+003 0.8639239E+003
  11.600 0.1472022E+013 0.1472022E+013 0.8687421E+003 0.8687421E+003
  11.700 0.1337414E+013 0.1337414E+013 0.8736322E+003 0.8736322E+003
  11.800 0.1216919E+013 0.1216919E+013 0.8786853E+003 0.8786853E+003
  11.900 0.1108932E+013 0.1108932E+013 0.8839357E+003 0.8839357E+003
  12.000 0.1012045E+013 0.1012045E+013 0.8894183E+003 0.8894183E+003
  12.100 0.9250089E+012 0.9250089E+012 0.8951613E+003 0.8951613E+003
  12.200 0.8466996E+012 0.8466996E+012 0.9011634E+003 0.9011634E+003
  12.300 0.7760932E+012 0.7760932E+012 0.9073763E+003 0.9073763E+003
  12.400 0.7123068E+012 0.7123068E+012 0.9137581E+003 0.9137581E+003
  12.500 0.6545700E+012 0.6545700E+012 0.9202637E+003 0.9202637E+003
  12.600 0.6021890E+012 0.6021890E+012 0.9268139E+003 0.9268139E+003
  12.700 0.5545517E+012 0.5545517E+012 0.9333116E+003 0.9333116E+003
  12.800 0.5111467E+012 0.5111467E+012 0.9396925E+003 0.9396925E+003
  12.900 0.4715111E+012 0.4715111E+012 0.9458618E+003 0.9458618E+003
  13.000 0.4352915E+012 0.4352915E+012 0.9518323E+003 0.9518323E+003
  13.100 0.4021382E+012 0.4021382E+012 0.9575418E+003 0.9575418E+003
  13.200 0.3717431E+012 0.3717431E+012 0.9629276E+003 0.9629276E+003
  13.300 0.3438364E+012 0.3438364E+012 0.9679328E+003 0.9679328E+003
  13.400 0.3181837E+012 0.3181837E+012 0.9725151E+003 0.9725151E+003
  13.500 0.2945834E+012 0.2945834E+012 0.9766572E+003 0.9766572E+003
  13.600 0.2728549E+012 0.2728549E+012 0.9803450E+003 0.9803450E+003
  13.700 0.2528420E+012 0.2528420E+012 0.9835924E+003 0.9835924E+003
  13.800 0.2344026E+012 0.2344026E+012 0.9864149E+003 0.9864149E+003
  13.900 0.2174124E+012 0.2174124E+012 0.9888548E+003 0.9888548E+003
  14.000 0.2017558E+012 0.2017558E+012 0.9909503E+003 0.9909503E+003
  14.100 0.1873314E+012 0.1873314E+012 0.9927667E+003 0.9927667E+003
  14.200 0.1740417E+012 0.1740417E+012 0.9943525E+003 0.9943525E+003
  14.300 0.1618000E+012 0.1618000E+012 0.9957778E+003 0.9957778E+003
  14.400 0.1505249E+012 0.1505249E+012 0.9971067E+003 0.9971067E+003
  14.500 0.1401421E+012 0.1401421E+012 0.9984116E+003 0.9984116E+003
  14.600 0.1305787E+012 0.1305787E+012 0.9997364E+003 0.9997364E+003
  14.700 0.1217716E+012 0.1217716E+012 0.1001155E+004 0.1001155E+004
  14.800 0.1136601E+012 0.1136601E+012 0.1002725E+004 0.1002725E+004
  14.900 0.1061860E+012 0.1061860E+012 0.1004478E+004 0.1004478E+004
  15.000 0.9929872E+011 0.9929872E+011 0.1006476E+004 0.1006476E+004
  15.100 0.9294669E+011 0.9294669E+011 0.1008723E+004 0.1008723E+004
  15.200 0.8707557E+011 0.8707557E+011 0.1011137E+004 0.1011137E+004
  15.300 0.8166413E+011 0.8166413E+011 0.1013965E+004 0.1013965E+004
  15.400 0.7666248E+011 0.7666248E+011 0.1017090E+004 0.1017090E+004
  15.500 0.7203243E+011 0.7203243E+011 0.1020472E+004 0.1020472E+004
  15.600 0.6774351E+011 0.6774351E+011 0.1024127E+004 0.1024127E+004
  15.700 0.6376227E+011 0.6376227E+011 0.1027980E+004 0.1027980E+004
  15.800 0.6006364E+011 0.6006364E+011 0.1032030E+004 0.1032030E+004
  15.900 0.5662041E+011 0.5662041E+011 0.1036200E+004 0.1036200E+004
  16.000 0.5341001E+011 0.5341001E+011 0.1040441E+004 0.1040441E+004
  16.100 0.5041246E+011 0.5041246E+011 0.1044709E+004 0.1044709E+004
  16.200 0.4760830E+011 0.4760830E+011 0.1048928E+004 0.1048928E+004
  16.300 0.4498106E+011 0.4498106E+011 0.1053039E+004 0.1053039E+004
  16.400 0.4251784E+011 0.4251784E+011 0.1057032E+004 0.1057032E+004
  16.500 0.4020591E+011 0.4020591E+011 0.1060873E+004 0.1060873E+004
  16.600 0.3803315E+011 0.3803315E+011 0.1064512E+004 0.1064512E+004
  16.700 0.3598878E+011 0.3598878E+011 0.1067903E+004 0.1067903E+004
  16.800 0.3406325E+011 0.3406325E+011 0.1071008E+004 0.1071008E+004
  16.900 0.3224816E+011 0.3224816E+011 0.1073797E+004 0.1073797E+004
  17.000 0.3053605E+011 0.3053605E+011 0.1076249E+004 0.1076249E+004
  17.100 0.2892031E+011 0.2892031E+011 0.1078354E+004 0.1078354E+004
  17.200 0.2739487E+011 0.2739487E+011 0.1080103E+004 0.1080103E+004
  17.300 0.2595450E+011 0.2595450E+011 0.1081505E+004 0.1081505E+004
  17.400 0.2459440E+011 0.2459440E+011 0.1082573E+004 0.1082573E+004
  17.500 0.2330997E+011 0.2330997E+011 0.1083320E+004 0.1083320E+004
  17.600 0.2209732E+011 0.2209732E+011 0.1083776E+004 0.1083776E+004
  17.700 0.2095248E+011 0.2095248E+011 0.1083965E+004 0.1083965E+004
  17.800 0.1987206E+011 0.1987206E+011 0.1083928E+004 0.1083928E+004
  17.900 0.1884871E+011 0.1884871E+011 0.1083470E+004 0.1083470E+004
  18.000 0.1788738E+011 0.1788738E+011 0.1083085E+004 0.1083085E+004
  18.100 0.1698085E+011 0.1698085E+011 0.1082586E+004 0.1082586E+004
  18.200 0.1612622E+011 0.1612622E+011 0.1082009E+004 0.1082009E+004
  18.300 0.1532063E+011 0.1532063E+011 0.1081388E+004 0.1081388E+004
  18.400 0.1456162E+011 0.1456162E+011 0.1080775E+004 0.1080775E+004
  18.500 0.1384653E+011 0.1384653E+011 0.1080199E+004 0.1080199E+004
  18.600 0.1317293E+011 0.1317293E+011 0.1079695E+004 0.1079695E+004
  18.700 0.1253849E+011 0.1253849E+011 0.1079299E+004 0.1079299E+004
  18.800 0.1194106E+011 0.1194106E+011 0.1079047E+004 0.1079047E+004
  18.900 0.1137843E+011 0.1137843E+011 0.1078965E+004 0.1078965E+004
  19.000 0.1084854E+011 0.1084854E+011 0.1079076E+004 0.1079076E+004
  19.100 0.1034943E+011 0.1034943E+011 0.1079404E+004 0.1079404E+004
  19.200 0.9879177E+010 0.9879177E+010 0.1079961E+004 0.1079961E+004
  19.300 0.9436045E+010 0.9436045E+010 0.1080768E+004 0.1080768E+004
  19.400 0.9018295E+010 0.9018295E+010 0.1081831E+004 0.1081831E+004
  19.500 0.8624327E+010 0.8624327E+010 0.1083158E+004 0.1083158E+004
  19.600 0.8252483E+010 0.8252483E+010 0.1084738E+004 0.1084738E+004
  19.700 0.7901305E+010 0.7901305E+010 0.1086566E+004 0.1086566E+004
  19.800 0.7569264E+010 0.7569264E+010 0.1088613E+004 0.1088613E+004
